<?xml version="1.0" encoding="UTF-8"?>
<!-- Generated by org.testng.reporters.JUnitXMLReporter -->
<testsuite hostname="admin-PC" ignored="0" name="Default test" tests="5" failures="0" timestamp="23 May 2018 03:44:53 GMT" time="5.118" errors="0">
  <testcase name="verifyCreateCompany" time="2.344" classname="com.testersconnect.api.HSTestSuite"/>
  <testcase name="verifyCreateContact" time="0.653" classname="com.testersconnect.api.HSTestSuite"/>
  <testcase name="verifyContactAssoicatedToCompany" time="0.478" classname="com.testersconnect.api.HSTestSuite"/>
  <testcase name="verifyCompanyDelete" time="0.47" classname="com.testersconnect.api.HSTestSuite"/>
  <testcase name="verifyContactDelete" time="0.697" classname="com.testersconnect.api.HSTestSuite"/>
</testsuite> <!-- Default test -->
